<?xml version="1.0" encoding="UTF-8"?>
<testng-results skipped="0" failed="0" ignored="0" total="1" passed="1">
  <reporter-output>
  </reporter-output>
  <suite name="Default suite" duration-ms="15561" started-at="2019-09-14T13:55:34 IST" finished-at="2019-09-14T13:55:50 IST">
    <groups>
    </groups>
    <test name="Default test" duration-ms="15561" started-at="2019-09-14T13:55:34 IST" finished-at="2019-09-14T13:55:50 IST">
      <class name="MyJenkinsTest.MyJenkinsTest">
        <test-method status="PASS" signature="VerifyTitle()[pri:0, instance:MyJenkinsTest.MyJenkinsTest@63e2203c]" name="VerifyTitle" duration-ms="15477" started-at="2019-09-14T13:55:34 IST" finished-at="2019-09-14T13:55:50 IST">
          <reporter-output>
          </reporter-output>
        </test-method> <!-- VerifyTitle -->
      </class> <!-- MyJenkinsTest.MyJenkinsTest -->
    </test> <!-- Default test -->
  </suite> <!-- Default suite -->
</testng-results>
